<?xml version="1.0" encoding="UTF-8"?>
<!-- Generated by org.testng.reporters.JUnitReportReporter -->
<testsuite hostname="DESKTOP-68P3RKI" failures="0" tests="5" name="com.telus.testcases.ParaBankUserRegistrationEndToEndTest" time="15.176" errors="0" timestamp="2022-08-16T13:49:08 IST" skipped="0">
  <testcase classname="com.telus.testcases.ParaBankUserRegistrationEndToEndTest" name="launchApplication" time="10.181"/>
  <system-out>
    <![CDATA[Application is launched.]]>
  </system-out>
  <testcase classname="com.telus.testcases.ParaBankUserRegistrationEndToEndTest" name="clickRegisterLink" time="1.119"/>
  <system-out>
    <![CDATA[Register Text link is clicked.]]>
  </system-out>
  <testcase classname="com.telus.testcases.ParaBankUserRegistrationEndToEndTest" name="registerUser" time="2.601"/>
  <system-out>
    <![CDATA[The user First Name is Salman.
The user Last Name is Raza.
The user Address is Siwan.
The user City is Siwan.
The user State is Bihar.
The user Zip Code is 841226.
The user Phone Number is 9586420032.
The user SSN is 841226123.
The user Name is salmanRa.
The user confirmation Password is 123456.
The user Password is 123456.
Register Button is clicked.]]>
  </system-out>
  <testcase classname="com.telus.testcases.ParaBankUserRegistrationEndToEndTest" name="successfulMsgValidation" time="1.076"/>
  <system-out>
    <![CDATA[The Actual and Expected Message of Successful User Registration are Same.
The Successful user Registration Message is validated.
The Successful Registration Message is Your account was created successfully.
User is logged out.]]>
  </system-out>
  <testcase classname="com.telus.testcases.ParaBankUserRegistrationEndToEndTest" name="closeApplication" time="0.199"/>
  <system-out>
    <![CDATA[Application is closed.]]>
  </system-out>
</testsuite> <!-- com.telus.testcases.ParaBankUserRegistrationEndToEndTest -->
